2017-08-09 10:48:36,920 ERROR [Worker-3] - Statistics - Statistics file `/Users/hadoop/.scalaide/statistics` is corrupted. A new one is being created. Corrupted content was:

com.cedarsoftware.util.io.JsonIoException: error parsing JSON value
	at com.cedarsoftware.util.io.JsonReader.readObject(JsonReader.java:529)
	at com.cedarsoftware.util.io.JsonReader.jsonToJava(JsonReader.java:289)
	at com.cedarsoftware.util.io.JsonReader.jsonToJava(JsonReader.java:262)
	at org.scalaide.core.internal.statistics.Statistics.read(Statistics.scala:74)
	at org.scalaide.core.internal.statistics.Statistics.$anonfun$readStats$1(Statistics.scala:52)
	at org.scalaide.core.internal.statistics.Statistics.$anonfun$readStats$1$adapted(Statistics.scala:51)
	at org.scalaide.core.ScalaIdeDataStore$.$anonfun$validate$2(ScalaIdeDataStore.scala:59)
	at org.scalaide.util.eclipse.EclipseUtils$$anon$3.run(EclipseUtils.scala:230)
	at org.eclipse.core.runtime.SafeRunner.run(SafeRunner.java:42)
	at org.scalaide.util.eclipse.EclipseUtils$.withSafeRunner(EclipseUtils.scala:226)
	at org.scalaide.core.ScalaIdeDataStore$.validate(ScalaIdeDataStore.scala:59)
	at org.scalaide.core.internal.statistics.Statistics.readStats(Statistics.scala:51)
	at org.scalaide.core.internal.statistics.Statistics.<init>(Statistics.scala:30)
	at org.scalaide.core.internal.ScalaPlugin.stats$lzycompute(ScalaPlugin.scala:137)
	at org.scalaide.core.internal.ScalaPlugin.stats(ScalaPlugin.scala:137)
	at org.scalaide.core.internal.ScalaPlugin.statistics(ScalaPlugin.scala:140)
	at org.scalaide.core.internal.ScalaPlugin.start(ScalaPlugin.scala:111)
	at org.eclipse.osgi.internal.framework.BundleContextImpl$3.run(BundleContextImpl.java:774)
	at org.eclipse.osgi.internal.framework.BundleContextImpl$3.run(BundleContextImpl.java:1)
	at java.security.AccessController.doPrivileged(Native Method)
	at org.eclipse.osgi.internal.framework.BundleContextImpl.startActivator(BundleContextImpl.java:767)
	at org.eclipse.osgi.internal.framework.BundleContextImpl.start(BundleContextImpl.java:724)
	at org.eclipse.osgi.internal.framework.EquinoxBundle.startWorker0(EquinoxBundle.java:932)
	at org.eclipse.osgi.internal.framework.EquinoxBundle$EquinoxModule.startWorker(EquinoxBundle.java:309)
	at org.eclipse.osgi.container.Module.doStart(Module.java:581)
	at org.eclipse.osgi.container.Module.start(Module.java:449)
	at org.eclipse.osgi.framework.util.SecureAction.start(SecureAction.java:470)
	at org.eclipse.osgi.internal.hooks.EclipseLazyStarter.postFindLocalClass(EclipseLazyStarter.java:107)
	at org.eclipse.osgi.internal.loader.classpath.ClasspathManager.findLocalClass(ClasspathManager.java:529)
	at org.eclipse.osgi.internal.loader.ModuleClassLoader.findLocalClass(ModuleClassLoader.java:325)
	at org.eclipse.osgi.internal.loader.BundleLoader.findLocalClass(BundleLoader.java:345)
	at org.eclipse.osgi.internal.loader.sources.SingleSourcePackage.loadClass(SingleSourcePackage.java:36)
	at org.eclipse.osgi.internal.loader.BundleLoader.findClassInternal(BundleLoader.java:419)
	at org.eclipse.osgi.internal.loader.BundleLoader.findClass(BundleLoader.java:372)
	at org.eclipse.osgi.internal.loader.BundleLoader.findClass(BundleLoader.java:364)
	at org.eclipse.osgi.internal.loader.ModuleClassLoader.loadClass(ModuleClassLoader.java:161)
	at java.lang.ClassLoader.loadClass(ClassLoader.java:357)
	at org.scalaide.debug.internal.ScalaDebugger$.init(ScalaDebugger.scala:66)
	at org.scalaide.debug.internal.ScalaDebugPlugin.start(ScalaDebugPlugin.scala:30)
	at org.eclipse.osgi.internal.framework.BundleContextImpl$3.run(BundleContextImpl.java:774)
	at org.eclipse.osgi.internal.framework.BundleContextImpl$3.run(BundleContextImpl.java:1)
	at java.security.AccessController.doPrivileged(Native Method)
	at org.eclipse.osgi.internal.framework.BundleContextImpl.startActivator(BundleContextImpl.java:767)
	at org.eclipse.osgi.internal.framework.BundleContextImpl.start(BundleContextImpl.java:724)
	at org.eclipse.osgi.internal.framework.EquinoxBundle.startWorker0(EquinoxBundle.java:932)
	at org.eclipse.osgi.internal.framework.EquinoxBundle$EquinoxModule.startWorker(EquinoxBundle.java:309)
	at org.eclipse.osgi.container.Module.doStart(Module.java:581)
	at org.eclipse.osgi.container.Module.start(Module.java:449)
	at org.eclipse.osgi.framework.util.SecureAction.start(SecureAction.java:470)
	at org.eclipse.osgi.internal.hooks.EclipseLazyStarter.postFindLocalClass(EclipseLazyStarter.java:107)
	at org.eclipse.osgi.internal.loader.classpath.ClasspathManager.findLocalClass(ClasspathManager.java:529)
	at org.eclipse.osgi.internal.loader.ModuleClassLoader.findLocalClass(ModuleClassLoader.java:325)
	at org.eclipse.osgi.internal.loader.BundleLoader.findLocalClass(BundleLoader.java:345)
	at org.eclipse.osgi.internal.loader.BundleLoader.findClassInternal(BundleLoader.java:423)
	at org.eclipse.osgi.internal.loader.BundleLoader.findClass(BundleLoader.java:372)
	at org.eclipse.osgi.internal.loader.BundleLoader.findClass(BundleLoader.java:364)
	at org.eclipse.osgi.internal.loader.ModuleClassLoader.loadClass(ModuleClassLoader.java:161)
	at java.lang.ClassLoader.loadClass(ClassLoader.java:357)
	at org.eclipse.osgi.internal.framework.EquinoxBundle.loadClass(EquinoxBundle.java:564)
	at org.eclipse.core.internal.registry.osgi.RegistryStrategyOSGI.createExecutableExtension(RegistryStrategyOSGI.java:174)
	at org.eclipse.core.internal.registry.ExtensionRegistry.createExecutableExtension(ExtensionRegistry.java:905)
	at org.eclipse.core.internal.registry.ConfigurationElement.createExecutableExtension(ConfigurationElement.java:243)
	at org.eclipse.core.internal.registry.ConfigurationElementHandle.createExecutableExtension(ConfigurationElementHandle.java:55)
	at org.eclipse.ui.internal.WorkbenchPlugin$1.run(WorkbenchPlugin.java:291)
	at org.eclipse.swt.custom.BusyIndicator.showWhile(BusyIndicator.java:52)
	at org.eclipse.ui.internal.WorkbenchPlugin.createExtension(WorkbenchPlugin.java:286)
	at org.eclipse.ui.internal.EarlyStartupRunnable.run(EarlyStartupRunnable.java:53)
	at org.eclipse.core.runtime.SafeRunner.run(SafeRunner.java:42)
	at org.eclipse.ui.internal.Workbench$55.run(Workbench.java:2835)
	at org.eclipse.core.internal.jobs.Worker.run(Worker.java:55)
Caused by: com.cedarsoftware.util.io.JsonIoException: EOF reached prematurely
	at com.cedarsoftware.util.io.JsonParser.error(JsonParser.java:584)
	at com.cedarsoftware.util.io.JsonParser.readValue(JsonParser.java:278)
	at com.cedarsoftware.util.io.JsonReader.readObject(JsonReader.java:521)
	... 69 more
2017-08-09 10:49:03,367 ERROR [main] - Statistics - Statistics file `/Users/hadoop/.scalaide/statistics` is corrupted. A new one is being created. Corrupted content was:

com.cedarsoftware.util.io.JsonIoException: error parsing JSON value
	at com.cedarsoftware.util.io.JsonReader.readObject(JsonReader.java:529)
	at com.cedarsoftware.util.io.JsonReader.jsonToJava(JsonReader.java:289)
	at com.cedarsoftware.util.io.JsonReader.jsonToJava(JsonReader.java:262)
	at org.scalaide.core.internal.statistics.Statistics.read(Statistics.scala:74)
	at org.scalaide.core.internal.statistics.Statistics.$anonfun$readStats$1(Statistics.scala:52)
	at org.scalaide.core.internal.statistics.Statistics.$anonfun$readStats$1$adapted(Statistics.scala:51)
	at org.scalaide.core.ScalaIdeDataStore$.$anonfun$validate$2(ScalaIdeDataStore.scala:59)
	at org.scalaide.util.eclipse.EclipseUtils$$anon$3.run(EclipseUtils.scala:230)
	at org.eclipse.core.runtime.SafeRunner.run(SafeRunner.java:42)
	at org.scalaide.util.eclipse.EclipseUtils$.withSafeRunner(EclipseUtils.scala:226)
	at org.scalaide.core.ScalaIdeDataStore$.validate(ScalaIdeDataStore.scala:59)
	at org.scalaide.core.internal.statistics.Statistics.readStats(Statistics.scala:51)
	at org.scalaide.core.internal.statistics.Statistics.<init>(Statistics.scala:30)
	at org.scalaide.core.internal.ScalaPlugin.stats$lzycompute(ScalaPlugin.scala:137)
	at org.scalaide.core.internal.ScalaPlugin.stats(ScalaPlugin.scala:137)
	at org.scalaide.core.internal.ScalaPlugin.statistics(ScalaPlugin.scala:140)
	at org.scalaide.core.internal.ScalaPlugin.start(ScalaPlugin.scala:111)
	at org.eclipse.osgi.internal.framework.BundleContextImpl$3.run(BundleContextImpl.java:774)
	at org.eclipse.osgi.internal.framework.BundleContextImpl$3.run(BundleContextImpl.java:1)
	at java.security.AccessController.doPrivileged(Native Method)
	at org.eclipse.osgi.internal.framework.BundleContextImpl.startActivator(BundleContextImpl.java:767)
	at org.eclipse.osgi.internal.framework.BundleContextImpl.start(BundleContextImpl.java:724)
	at org.eclipse.osgi.internal.framework.EquinoxBundle.startWorker0(EquinoxBundle.java:932)
	at org.eclipse.osgi.internal.framework.EquinoxBundle$EquinoxModule.startWorker(EquinoxBundle.java:309)
	at org.eclipse.osgi.container.Module.doStart(Module.java:581)
	at org.eclipse.osgi.container.Module.start(Module.java:449)
	at org.eclipse.osgi.framework.util.SecureAction.start(SecureAction.java:470)
	at org.eclipse.osgi.internal.hooks.EclipseLazyStarter.postFindLocalClass(EclipseLazyStarter.java:107)
	at org.eclipse.osgi.internal.loader.classpath.ClasspathManager.findLocalClass(ClasspathManager.java:529)
	at org.eclipse.osgi.internal.loader.ModuleClassLoader.findLocalClass(ModuleClassLoader.java:325)
	at org.eclipse.osgi.internal.loader.BundleLoader.findLocalClass(BundleLoader.java:345)
	at org.eclipse.osgi.internal.loader.BundleLoader.findClassInternal(BundleLoader.java:423)
	at org.eclipse.osgi.internal.loader.BundleLoader.findClass(BundleLoader.java:372)
	at org.eclipse.osgi.internal.loader.BundleLoader.findClass(BundleLoader.java:364)
	at org.eclipse.osgi.internal.loader.ModuleClassLoader.loadClass(ModuleClassLoader.java:161)
	at java.lang.ClassLoader.loadClass(ClassLoader.java:357)
	at org.eclipse.osgi.internal.framework.EquinoxBundle.loadClass(EquinoxBundle.java:564)
	at org.eclipse.core.internal.registry.osgi.RegistryStrategyOSGI.createExecutableExtension(RegistryStrategyOSGI.java:174)
	at org.eclipse.core.internal.registry.ExtensionRegistry.createExecutableExtension(ExtensionRegistry.java:905)
	at org.eclipse.core.internal.registry.ConfigurationElement.createExecutableExtension(ConfigurationElement.java:243)
	at org.eclipse.core.internal.registry.ConfigurationElementHandle.createExecutableExtension(ConfigurationElementHandle.java:55)
	at org.eclipse.ui.internal.registry.PerspectiveDescriptor.createFactory(PerspectiveDescriptor.java:75)
	at org.eclipse.ui.internal.WorkbenchPage.createPerspective(WorkbenchPage.java:4159)
	at org.eclipse.ui.internal.WorkbenchPage.setPerspective(WorkbenchPage.java:4068)
	at org.eclipse.ui.internal.WorkbenchWindow.setup(WorkbenchWindow.java:738)
	at sun.reflect.NativeMethodAccessorImpl.invoke0(Native Method)
	at sun.reflect.NativeMethodAccessorImpl.invoke(NativeMethodAccessorImpl.java:62)
	at sun.reflect.DelegatingMethodAccessorImpl.invoke(DelegatingMethodAccessorImpl.java:43)
	at java.lang.reflect.Method.invoke(Method.java:498)
	at org.eclipse.e4.core.internal.di.MethodRequestor.execute(MethodRequestor.java:55)
	at org.eclipse.e4.core.internal.di.InjectorImpl.processAnnotated(InjectorImpl.java:966)
	at org.eclipse.e4.core.internal.di.InjectorImpl.inject(InjectorImpl.java:151)
	at org.eclipse.e4.core.internal.di.InjectorImpl.inject(InjectorImpl.java:118)
	at org.eclipse.e4.core.contexts.ContextInjectionFactory.inject(ContextInjectionFactory.java:73)
	at org.eclipse.ui.internal.Workbench.createWorkbenchWindow(Workbench.java:1531)
	at org.eclipse.ui.internal.Workbench.getActiveWorkbenchWindow(Workbench.java:1505)
	at org.eclipse.ui.internal.services.WorkbenchSourceProvider.updateActiveShell(WorkbenchSourceProvider.java:923)
	at org.eclipse.ui.internal.services.WorkbenchSourceProvider.getCurrentState(WorkbenchSourceProvider.java:117)
	at org.eclipse.ui.internal.services.WorkbenchSourceProvider$6.handleEvent(WorkbenchSourceProvider.java:683)
	at org.eclipse.swt.widgets.EventTable.sendEvent(EventTable.java:84)
	at org.eclipse.swt.widgets.Display.filterEvent(Display.java:1097)
	at org.eclipse.swt.widgets.Display.sendEvent(Display.java:4251)
	at org.eclipse.swt.widgets.Widget.sendEvent(Widget.java:1501)
	at org.eclipse.swt.widgets.Widget.sendEvent(Widget.java:1524)
	at org.eclipse.swt.widgets.Widget.sendEvent(Widget.java:1505)
	at org.eclipse.swt.widgets.Shell.windowDidBecomeKey(Shell.java:2229)
	at org.eclipse.swt.widgets.Display.windowProc(Display.java:5781)
	at org.eclipse.swt.internal.cocoa.OS.objc_msgSendSuper(Native Method)
	at org.eclipse.swt.widgets.Widget.callSuper(Widget.java:220)
	at org.eclipse.swt.widgets.Widget.becomeKeyWindow(Widget.java:381)
	at org.eclipse.swt.widgets.Shell.becomeKeyWindow(Shell.java:530)
	at org.eclipse.swt.widgets.Display.windowProc(Display.java:5597)
	at org.eclipse.swt.internal.cocoa.OS.objc_msgSend(Native Method)
	at org.eclipse.swt.internal.cocoa.NSWindow.makeKeyAndOrderFront(NSWindow.java:202)
	at org.eclipse.swt.widgets.Shell.makeKeyAndOrderFront(Shell.java:1312)
	at org.eclipse.swt.widgets.Shell.setWindowVisible(Shell.java:2019)
	at org.eclipse.swt.widgets.Shell.open(Shell.java:1372)
	at org.eclipse.e4.ui.workbench.renderers.swt.WBWRenderer.postProcess(WBWRenderer.java:805)
	at org.eclipse.e4.ui.internal.workbench.swt.PartRenderingEngine.safeCreateGui(PartRenderingEngine.java:669)
	at org.eclipse.e4.ui.internal.workbench.swt.PartRenderingEngine.safeCreateGui(PartRenderingEngine.java:757)
	at org.eclipse.e4.ui.internal.workbench.swt.PartRenderingEngine.access$0(PartRenderingEngine.java:728)
	at org.eclipse.e4.ui.internal.workbench.swt.PartRenderingEngine$2.run(PartRenderingEngine.java:722)
	at org.eclipse.core.runtime.SafeRunner.run(SafeRunner.java:42)
	at org.eclipse.e4.ui.internal.workbench.swt.PartRenderingEngine.createGui(PartRenderingEngine.java:706)
	at org.eclipse.e4.ui.internal.workbench.swt.PartRenderingEngine$4.run(PartRenderingEngine.java:1059)
	at org.eclipse.core.databinding.observable.Realm.runWithDefault(Realm.java:336)
	at org.eclipse.e4.ui.internal.workbench.swt.PartRenderingEngine.run(PartRenderingEngine.java:1022)
	at org.eclipse.e4.ui.internal.workbench.E4Workbench.createAndRunUI(E4Workbench.java:150)
	at org.eclipse.ui.internal.Workbench$5.run(Workbench.java:693)
	at org.eclipse.core.databinding.observable.Realm.runWithDefault(Realm.java:336)
	at org.eclipse.ui.internal.Workbench.createAndRunWorkbench(Workbench.java:610)
	at org.eclipse.ui.PlatformUI.createAndRunWorkbench(PlatformUI.java:148)
	at org.eclipse.ui.internal.ide.application.IDEApplication.start(IDEApplication.java:138)
	at org.eclipse.equinox.internal.app.EclipseAppHandle.run(EclipseAppHandle.java:196)
	at org.eclipse.core.runtime.internal.adaptor.EclipseAppLauncher.runApplication(EclipseAppLauncher.java:134)
	at org.eclipse.core.runtime.internal.adaptor.EclipseAppLauncher.start(EclipseAppLauncher.java:104)
	at org.eclipse.core.runtime.adaptor.EclipseStarter.run(EclipseStarter.java:388)
	at org.eclipse.core.runtime.adaptor.EclipseStarter.run(EclipseStarter.java:243)
	at sun.reflect.NativeMethodAccessorImpl.invoke0(Native Method)
	at sun.reflect.NativeMethodAccessorImpl.invoke(NativeMethodAccessorImpl.java:62)
	at sun.reflect.DelegatingMethodAccessorImpl.invoke(DelegatingMethodAccessorImpl.java:43)
	at java.lang.reflect.Method.invoke(Method.java:498)
	at org.eclipse.equinox.launcher.Main.invokeFramework(Main.java:673)
	at org.eclipse.equinox.launcher.Main.basicRun(Main.java:610)
	at org.eclipse.equinox.launcher.Main.run(Main.java:1519)
Caused by: com.cedarsoftware.util.io.JsonIoException: EOF reached prematurely
	at com.cedarsoftware.util.io.JsonParser.error(JsonParser.java:584)
	at com.cedarsoftware.util.io.JsonParser.readValue(JsonParser.java:278)
	at com.cedarsoftware.util.io.JsonReader.readObject(JsonReader.java:521)
	... 104 more
2017-08-09 10:49:36,122  WARN [ModalContext] - ScalaProject - Project FirstProject has platform default sourceLevel.
2017-08-09 10:49:36,124  WARN [ModalContext] - ScalaProject - Project FirstProject runs on platform default installation.
2017-08-09 10:49:36,473 ERROR [Worker-0] - System.err - log4j:WARN No appenders could be found for logger (org.eclipse.jgit.util.FS).
2017-08-09 10:49:36,477 ERROR [Worker-0] - System.err - log4j:WARN Please initialize the log4j system properly.
2017-08-09 10:49:36,997  WARN [Worker-1] - ScalaProject - Project FirstProject has platform default sourceLevel.
2017-08-09 10:49:36,997  WARN [Worker-1] - ScalaProject - Project FirstProject runs on platform default installation.
2017-08-09 11:03:42,118  WARN [main] - ScalaProject - Project FirstProject has platform default sourceLevel.
2017-08-09 11:03:42,120  WARN [main] - ScalaProject - Project FirstProject runs on platform default installation.
2017-08-09 11:03:46,368  WARN [Worker-0] - ScalaProject - Project FirstProject has platform default sourceLevel.
2017-08-09 11:03:46,368  WARN [Worker-0] - ScalaProject - Project FirstProject runs on platform default installation.
2017-08-09 11:03:46,707  WARN [Java indexing] - ScalaProject - Project FirstProject has platform default sourceLevel.
2017-08-09 11:03:46,707  WARN [Java indexing] - ScalaProject - Project FirstProject runs on platform default installation.
2017-08-09 11:03:48,337  WARN [Worker-12] - ScalaProject - Project FirstProject has platform default sourceLevel.
2017-08-09 11:03:48,338  WARN [Worker-12] - ScalaProject - Project FirstProject runs on platform default installation.
2017-08-09 11:07:01,319  WARN [Worker-13] - ScalaProject - Project FirstProject has platform default sourceLevel.
2017-08-09 11:07:01,321  WARN [Worker-13] - ScalaProject - Project FirstProject runs on platform default installation.
2017-08-09 11:07:19,688  WARN [main] - ScalaProject - Project FirstProject has platform default sourceLevel.
2017-08-09 11:07:19,688  WARN [main] - ScalaProject - Project FirstProject runs on platform default installation.
2017-08-09 11:07:19,866  WARN [Worker-12] - ScalaProject - Project FirstProject has platform default sourceLevel.
2017-08-09 11:07:19,866  WARN [Worker-12] - ScalaProject - Project FirstProject runs on platform default installation.
2017-08-09 11:08:12,408  WARN [Worker-13] - ScalaProject - Project FirstProject has platform default sourceLevel.
2017-08-09 11:08:12,408  WARN [Worker-13] - ScalaProject - Project FirstProject runs on platform default installation.
2017-08-09 11:09:42,424  WARN [Worker-14] - ScalaProject - Project FirstProject has platform default sourceLevel.
2017-08-09 11:09:42,424  WARN [Worker-14] - ScalaProject - Project FirstProject runs on platform default installation.
2017-08-09 11:10:06,031  WARN [ModalContext] - ScalaProject - Project Unzip has platform default sourceLevel.
2017-08-09 11:10:06,031  WARN [ModalContext] - ScalaProject - Project Unzip runs on platform default installation.
2017-08-09 11:10:06,400  WARN [Worker-14] - ScalaProject - Project Unzip has platform default sourceLevel.
2017-08-09 11:10:06,400  WARN [Worker-14] - ScalaProject - Project Unzip runs on platform default installation.
2017-08-09 11:10:18,912  WARN [main] - ScalaProject - Project Unzip has platform default sourceLevel.
2017-08-09 11:10:18,912  WARN [main] - ScalaProject - Project Unzip runs on platform default installation.
2017-08-09 11:10:26,545  WARN [main] - ScalaProject - Project Unzip has platform default sourceLevel.
2017-08-09 11:10:26,546  WARN [main] - ScalaProject - Project Unzip runs on platform default installation.
2017-08-09 11:10:26,698  WARN [Worker-11] - ScalaProject - Project Unzip has platform default sourceLevel.
2017-08-09 11:10:26,698  WARN [Worker-11] - ScalaProject - Project Unzip runs on platform default installation.
2017-08-09 11:14:11,697  WARN [Worker-17] - ScalaProject - Project Unzip has platform default sourceLevel.
2017-08-09 11:14:11,697  WARN [Worker-17] - ScalaProject - Project Unzip runs on platform default installation.
2017-08-09 11:14:13,202  WARN [org.scalaide.ui.internal.reconciliation.ScalaReconciler] - CallByNameParamAtCreationPresenter - Timeout while waiting for `askLoadedTyped` during semantic highlighting.
2017-08-09 11:18:41,752  WARN [Worker-17] - ScalaProject - Project Unzip has platform default sourceLevel.
2017-08-09 11:18:41,752  WARN [Worker-17] - ScalaProject - Project Unzip runs on platform default installation.
2017-08-09 11:19:16,434  WARN [ModalContext] - ScalaProject - Project Unzip has platform default sourceLevel.
2017-08-09 11:19:16,434  WARN [ModalContext] - ScalaProject - Project Unzip runs on platform default installation.
2017-08-09 11:19:16,581  WARN [Worker-15] - ScalaProject - Project Unzip has platform default sourceLevel.
2017-08-09 11:19:16,581  WARN [Worker-15] - ScalaProject - Project Unzip runs on platform default installation.
2017-08-09 11:19:17,513  WARN [org.scalaide.ui.internal.reconciliation.ScalaReconciler] - ScalaProject - Project Unzip has platform default sourceLevel.
2017-08-09 11:19:17,513  WARN [org.scalaide.ui.internal.reconciliation.ScalaReconciler] - ScalaProject - Project Unzip runs on platform default installation.
2017-08-09 11:19:39,950  WARN [Worker-0] - ScalaProject - Project FirstProject has platform default sourceLevel.
2017-08-09 11:19:39,950  WARN [Worker-0] - ScalaProject - Project FirstProject runs on platform default installation.
2017-08-09 11:19:40,347  WARN [Java indexing] - ScalaProject - Project FirstProject has platform default sourceLevel.
2017-08-09 11:19:40,347  WARN [Java indexing] - ScalaProject - Project FirstProject runs on platform default installation.
2017-08-09 11:20:15,538  WARN [Worker-14] - ScalaProject - Project Unzip has platform default sourceLevel.
2017-08-09 11:20:15,538  WARN [Worker-14] - ScalaProject - Project Unzip runs on platform default installation.
2017-08-09 11:23:51,447  WARN [Worker-19] - ScalaProject - Project Unzip has platform default sourceLevel.
2017-08-09 11:23:51,448  WARN [Worker-19] - ScalaProject - Project Unzip runs on platform default installation.
2017-08-09 11:23:51,868 ERROR [Worker-19] - EclipseSbtBuildManager - ## Exception when compiling 1 sources to [/Users/hadoop/hbase/hbase/Scala/Unzip/bin, /Users/hadoop/hbase/hbase/Scala/Unzip/bin]
/Users/hadoop/hbase/hbase/Scala/Unzip/Sources does not exist or is not a directory
scala.tools.nsc.settings.MutableSettings$OutputDirs.checkDir(MutableSettings.scala:278)
scala.tools.nsc.settings.MutableSettings$OutputDirs.add(MutableSettings.scala:268)
xsbt.CachedCompiler0.$anonfun$new$1(CompilerInterface.scala:82)
xsbt.CachedCompiler0.$anonfun$new$1$adapted(CompilerInterface.scala:81)
scala.collection.IndexedSeqOptimized.foreach(IndexedSeqOptimized.scala:32)
scala.collection.IndexedSeqOptimized.foreach$(IndexedSeqOptimized.scala:29)
scala.collection.mutable.ArrayOps$ofRef.foreach(ArrayOps.scala:191)
xsbt.CachedCompiler0.<init>(CompilerInterface.scala:81)
xsbt.CompilerInterface.newCompiler(CompilerInterface.scala:20)
sun.reflect.NativeMethodAccessorImpl.invoke0(Native Method)
sun.reflect.NativeMethodAccessorImpl.invoke(NativeMethodAccessorImpl.java:62)
sun.reflect.DelegatingMethodAccessorImpl.invoke(DelegatingMethodAccessorImpl.java:43)
java.lang.reflect.Method.invoke(Method.java:498)
sbt.internal.inc.AnalyzingCompiler.call(AnalyzingCompiler.scala:259)
sbt.internal.inc.AnalyzingCompiler.newCachedCompiler(AnalyzingCompiler.scala:158)
sbt.internal.inc.AnalyzingCompiler.newCachedCompiler(AnalyzingCompiler.scala:142)
sbt.internal.inc.CompilerCache$$anon$2.apply(CompilerCache.scala:98)
sbt.internal.inc.AnalyzingCompiler.compile(AnalyzingCompiler.scala:108)
sbt.internal.inc.MixedAnalyzingCompiler.$anonfun$compile$3(MixedAnalyzingCompiler.scala:79)
scala.runtime.java8.JFunction0$mcV$sp.apply(JFunction0$mcV$sp.java:12)
sbt.internal.inc.MixedAnalyzingCompiler.timed(MixedAnalyzingCompiler.scala:130)
sbt.internal.inc.MixedAnalyzingCompiler.compileScala$1(MixedAnalyzingCompiler.scala:70)
sbt.internal.inc.MixedAnalyzingCompiler.compile(MixedAnalyzingCompiler.scala:113)
sbt.internal.inc.IncrementalCompilerImpl.$anonfun$compileInternal$1(IncrementalCompilerImpl.scala:288)
sbt.internal.inc.IncrementalCompilerImpl.$anonfun$compileInternal$1$adapted(IncrementalCompilerImpl.scala:288)
sbt.internal.inc.Incremental$.doCompile(Incremental.scala:90)
sbt.internal.inc.Incremental$.$anonfun$compile$4(Incremental.scala:74)
sbt.internal.inc.IncrementalCommon.recompileClasses(IncrementalCommon.scala:80)
sbt.internal.inc.IncrementalCommon.cycle(IncrementalCommon.scala:47)
sbt.internal.inc.Incremental$.$anonfun$compile$3(Incremental.scala:74)
sbt.internal.inc.Incremental$.manageClassfiles(Incremental.scala:117)
sbt.internal.inc.Incremental$.compile(Incremental.scala:72)
sbt.internal.inc.IncrementalCompile$.apply(Compile.scala:65)
sbt.internal.inc.IncrementalCompilerImpl.compileInternal(IncrementalCompilerImpl.scala:288)
sbt.internal.inc.IncrementalCompilerImpl.$anonfun$compileIncrementally$1(IncrementalCompilerImpl.scala:252)
sbt.internal.inc.IncrementalCompilerImpl.handleCompilationError(IncrementalCompilerImpl.scala:156)
sbt.internal.inc.IncrementalCompilerImpl.compileIncrementally(IncrementalCompilerImpl.scala:235)
sbt.internal.inc.IncrementalCompilerImpl.compile(IncrementalCompilerImpl.scala:143)
org.scalaide.core.internal.builder.zinc.CachingCompiler.compile(CachingCompiler.scala:54)
org.scalaide.core.internal.builder.zinc.EclipseSbtBuildManager.aggressiveCompile(EclipseSbtBuildManager.scala:213)
org.scalaide.core.internal.builder.zinc.EclipseSbtBuildManager.runCompiler(EclipseSbtBuildManager.scala:146)
org.scalaide.core.internal.builder.zinc.EclipseSbtBuildManager.update(EclipseSbtBuildManager.scala:128)
org.scalaide.core.internal.builder.zinc.EclipseSbtBuildManager.build(EclipseSbtBuildManager.scala:84)
org.scalaide.core.internal.project.scopes.BuildScopeUnit.build(BuildScopeUnit.scala:72)
org.scalaide.core.internal.project.SbtScopesBuildManager.$anonfun$build$3(SbtScopesBuildManager.scala:53)
org.scalaide.core.internal.project.SbtScopesBuildManager.$anonfun$build$3$adapted(SbtScopesBuildManager.scala:50)
scala.collection.immutable.List.foreach(List.scala:389)
org.scalaide.core.internal.project.SbtScopesBuildManager.build(SbtScopesBuildManager.scala:50)
org.scalaide.core.internal.project.ScalaProject.build(ScalaProject.scala:596)
org.scalaide.core.internal.builder.ScalaBuilder.build(ScalaBuilder.scala:111)
org.eclipse.core.internal.events.BuildManager$2.run(BuildManager.java:735)
org.eclipse.core.runtime.SafeRunner.run(SafeRunner.java:42)
org.eclipse.core.internal.events.BuildManager.basicBuild(BuildManager.java:206)
org.eclipse.core.internal.events.BuildManager.basicBuild(BuildManager.java:246)
org.eclipse.core.internal.events.BuildManager$1.run(BuildManager.java:301)
org.eclipse.core.runtime.SafeRunner.run(SafeRunner.java:42)
org.eclipse.core.internal.events.BuildManager.basicBuild(BuildManager.java:304)
org.eclipse.core.internal.events.BuildManager.basicBuild(BuildManager.java:263)
org.eclipse.core.internal.events.BuildManager.build(BuildManager.java:403)
org.eclipse.core.internal.resources.Project$1.run(Project.java:551)
org.eclipse.core.internal.resources.Workspace.run(Workspace.java:2240)
org.eclipse.core.internal.resources.Project.internalBuild(Project.java:529)
org.eclipse.core.internal.resources.Project.build(Project.java:112)
org.eclipse.debug.core.model.LaunchConfigurationDelegate$1.run(LaunchConfigurationDelegate.java:430)
org.eclipse.core.internal.resources.Workspace.run(Workspace.java:2240)
org.eclipse.core.internal.resources.Workspace.run(Workspace.java:2262)
org.eclipse.debug.core.model.LaunchConfigurationDelegate.buildProjects(LaunchConfigurationDelegate.java:437)
org.eclipse.debug.core.model.LaunchConfigurationDelegate.buildForLaunch(LaunchConfigurationDelegate.java:130)
org.eclipse.debug.internal.core.LaunchConfiguration.launch(LaunchConfiguration.java:855)
org.eclipse.debug.internal.core.LaunchConfiguration.launch(LaunchConfiguration.java:739)
org.eclipse.debug.internal.ui.DebugUIPlugin.buildAndLaunch(DebugUIPlugin.java:1039)
org.eclipse.debug.internal.ui.DebugUIPlugin$8.run(DebugUIPlugin.java:1256)
org.eclipse.core.internal.jobs.Worker.run(Worker.java:55)
           
2017-08-09 11:23:51,882 ERROR [main] - org.scala-ide.sdt.core - org.scala-ide.sdt.core - org.scala-ide.sdt.core - 0 - Error in Scala compiler
scala.reflect.internal.FatalError: /Users/hadoop/hbase/hbase/Scala/Unzip/Sources does not exist or is not a directory
	at scala.tools.nsc.settings.MutableSettings$OutputDirs.checkDir(MutableSettings.scala:278)
	at scala.tools.nsc.settings.MutableSettings$OutputDirs.add(MutableSettings.scala:268)
	at xsbt.CachedCompiler0.$anonfun$new$1(CompilerInterface.scala:82)
	at xsbt.CachedCompiler0.$anonfun$new$1$adapted(CompilerInterface.scala:81)
	at scala.collection.IndexedSeqOptimized.foreach(IndexedSeqOptimized.scala:32)
	at scala.collection.IndexedSeqOptimized.foreach$(IndexedSeqOptimized.scala:29)
	at scala.collection.mutable.ArrayOps$ofRef.foreach(ArrayOps.scala:191)
	at xsbt.CachedCompiler0.<init>(CompilerInterface.scala:81)
	at xsbt.CompilerInterface.newCompiler(CompilerInterface.scala:20)
	at sun.reflect.NativeMethodAccessorImpl.invoke0(Native Method)
	at sun.reflect.NativeMethodAccessorImpl.invoke(NativeMethodAccessorImpl.java:62)
	at sun.reflect.DelegatingMethodAccessorImpl.invoke(DelegatingMethodAccessorImpl.java:43)
	at java.lang.reflect.Method.invoke(Method.java:498)
	at sbt.internal.inc.AnalyzingCompiler.call(AnalyzingCompiler.scala:259)
	at sbt.internal.inc.AnalyzingCompiler.newCachedCompiler(AnalyzingCompiler.scala:158)
	at sbt.internal.inc.AnalyzingCompiler.newCachedCompiler(AnalyzingCompiler.scala:142)
	at sbt.internal.inc.CompilerCache$$anon$2.apply(CompilerCache.scala:98)
	at sbt.internal.inc.AnalyzingCompiler.compile(AnalyzingCompiler.scala:108)
	at sbt.internal.inc.MixedAnalyzingCompiler.$anonfun$compile$3(MixedAnalyzingCompiler.scala:79)
	at scala.runtime.java8.JFunction0$mcV$sp.apply(JFunction0$mcV$sp.java:12)
	at sbt.internal.inc.MixedAnalyzingCompiler.timed(MixedAnalyzingCompiler.scala:130)
	at sbt.internal.inc.MixedAnalyzingCompiler.compileScala$1(MixedAnalyzingCompiler.scala:70)
	at sbt.internal.inc.MixedAnalyzingCompiler.compile(MixedAnalyzingCompiler.scala:113)
	at sbt.internal.inc.IncrementalCompilerImpl.$anonfun$compileInternal$1(IncrementalCompilerImpl.scala:288)
	at sbt.internal.inc.IncrementalCompilerImpl.$anonfun$compileInternal$1$adapted(IncrementalCompilerImpl.scala:288)
	at sbt.internal.inc.Incremental$.doCompile(Incremental.scala:90)
	at sbt.internal.inc.Incremental$.$anonfun$compile$4(Incremental.scala:74)
	at sbt.internal.inc.IncrementalCommon.recompileClasses(IncrementalCommon.scala:80)
	at sbt.internal.inc.IncrementalCommon.cycle(IncrementalCommon.scala:47)
	at sbt.internal.inc.Incremental$.$anonfun$compile$3(Incremental.scala:74)
	at sbt.internal.inc.Incremental$.manageClassfiles(Incremental.scala:117)
	at sbt.internal.inc.Incremental$.compile(Incremental.scala:72)
	at sbt.internal.inc.IncrementalCompile$.apply(Compile.scala:65)
	at sbt.internal.inc.IncrementalCompilerImpl.compileInternal(IncrementalCompilerImpl.scala:288)
	at sbt.internal.inc.IncrementalCompilerImpl.$anonfun$compileIncrementally$1(IncrementalCompilerImpl.scala:252)
	at sbt.internal.inc.IncrementalCompilerImpl.handleCompilationError(IncrementalCompilerImpl.scala:156)
	at sbt.internal.inc.IncrementalCompilerImpl.compileIncrementally(IncrementalCompilerImpl.scala:235)
	at sbt.internal.inc.IncrementalCompilerImpl.compile(IncrementalCompilerImpl.scala:143)
	at org.scalaide.core.internal.builder.zinc.CachingCompiler.compile(CachingCompiler.scala:54)
	at org.scalaide.core.internal.builder.zinc.EclipseSbtBuildManager.aggressiveCompile(EclipseSbtBuildManager.scala:213)
	at org.scalaide.core.internal.builder.zinc.EclipseSbtBuildManager.runCompiler(EclipseSbtBuildManager.scala:146)
	at org.scalaide.core.internal.builder.zinc.EclipseSbtBuildManager.update(EclipseSbtBuildManager.scala:128)
	at org.scalaide.core.internal.builder.zinc.EclipseSbtBuildManager.build(EclipseSbtBuildManager.scala:84)
	at org.scalaide.core.internal.project.scopes.BuildScopeUnit.build(BuildScopeUnit.scala:72)
	at org.scalaide.core.internal.project.SbtScopesBuildManager.$anonfun$build$3(SbtScopesBuildManager.scala:53)
	at org.scalaide.core.internal.project.SbtScopesBuildManager.$anonfun$build$3$adapted(SbtScopesBuildManager.scala:50)
	at scala.collection.immutable.List.foreach(List.scala:389)
	at org.scalaide.core.internal.project.SbtScopesBuildManager.build(SbtScopesBuildManager.scala:50)
	at org.scalaide.core.internal.project.ScalaProject.build(ScalaProject.scala:596)
	at org.scalaide.core.internal.builder.ScalaBuilder.build(ScalaBuilder.scala:111)
	at org.eclipse.core.internal.events.BuildManager$2.run(BuildManager.java:735)
	at org.eclipse.core.runtime.SafeRunner.run(SafeRunner.java:42)
	at org.eclipse.core.internal.events.BuildManager.basicBuild(BuildManager.java:206)
	at org.eclipse.core.internal.events.BuildManager.basicBuild(BuildManager.java:246)
	at org.eclipse.core.internal.events.BuildManager$1.run(BuildManager.java:301)
	at org.eclipse.core.runtime.SafeRunner.run(SafeRunner.java:42)
	at org.eclipse.core.internal.events.BuildManager.basicBuild(BuildManager.java:304)
	at org.eclipse.core.internal.events.BuildManager.basicBuild(BuildManager.java:263)
	at org.eclipse.core.internal.events.BuildManager.build(BuildManager.java:403)
	at org.eclipse.core.internal.resources.Project$1.run(Project.java:551)
	at org.eclipse.core.internal.resources.Workspace.run(Workspace.java:2240)
	at org.eclipse.core.internal.resources.Project.internalBuild(Project.java:529)
	at org.eclipse.core.internal.resources.Project.build(Project.java:112)
	at org.eclipse.debug.core.model.LaunchConfigurationDelegate$1.run(LaunchConfigurationDelegate.java:430)
	at org.eclipse.core.internal.resources.Workspace.run(Workspace.java:2240)
	at org.eclipse.core.internal.resources.Workspace.run(Workspace.java:2262)
	at org.eclipse.debug.core.model.LaunchConfigurationDelegate.buildProjects(LaunchConfigurationDelegate.java:437)
	at org.eclipse.debug.core.model.LaunchConfigurationDelegate.buildForLaunch(LaunchConfigurationDelegate.java:130)
	at org.eclipse.debug.internal.core.LaunchConfiguration.launch(LaunchConfiguration.java:855)
	at org.eclipse.debug.internal.core.LaunchConfiguration.launch(LaunchConfiguration.java:739)
	at org.eclipse.debug.internal.ui.DebugUIPlugin.buildAndLaunch(DebugUIPlugin.java:1039)
	at org.eclipse.debug.internal.ui.DebugUIPlugin$8.run(DebugUIPlugin.java:1256)
	at org.eclipse.core.internal.jobs.Worker.run(Worker.java:55)
2017-08-09 11:26:42,476  WARN [ModalContext] - ScalaProject - Project UnzipFile has platform default sourceLevel.
2017-08-09 11:26:42,477  WARN [ModalContext] - ScalaProject - Project UnzipFile runs on platform default installation.
2017-08-09 11:26:42,778  WARN [Worker-19] - ScalaProject - Project UnzipFile has platform default sourceLevel.
2017-08-09 11:26:42,778  WARN [Worker-19] - ScalaProject - Project UnzipFile runs on platform default installation.
2017-08-09 11:26:53,994  WARN [main] - ScalaProject - Project UnzipFile has platform default sourceLevel.
2017-08-09 11:26:53,994  WARN [main] - ScalaProject - Project UnzipFile runs on platform default installation.
2017-08-09 11:26:56,021  WARN [main] - ScalaProject - Project UnzipFile has platform default sourceLevel.
2017-08-09 11:26:56,022  WARN [main] - ScalaProject - Project UnzipFile runs on platform default installation.
2017-08-09 11:26:56,153  WARN [Worker-14] - ScalaProject - Project UnzipFile has platform default sourceLevel.
2017-08-09 11:26:56,153  WARN [Worker-14] - ScalaProject - Project UnzipFile runs on platform default installation.
2017-08-09 11:27:20,607  WARN [ModalContext] - ScalaProject - Project UnzipFile has platform default sourceLevel.
2017-08-09 11:27:20,608  WARN [ModalContext] - ScalaProject - Project UnzipFile runs on platform default installation.
2017-08-09 11:27:20,719  WARN [Worker-16] - ScalaProject - Project UnzipFile has platform default sourceLevel.
2017-08-09 11:27:20,719  WARN [Worker-16] - ScalaProject - Project UnzipFile runs on platform default installation.
2017-08-09 11:27:21,528  WARN [org.scalaide.ui.internal.reconciliation.ScalaReconciler] - ScalaProject - Project UnzipFile has platform default sourceLevel.
2017-08-09 11:27:21,528  WARN [org.scalaide.ui.internal.reconciliation.ScalaReconciler] - ScalaProject - Project UnzipFile runs on platform default installation.
2017-08-09 11:29:02,888  WARN [Worker-17] - ScalaProject - Project UnzipFile has platform default sourceLevel.
2017-08-09 11:29:02,888  WARN [Worker-17] - ScalaProject - Project UnzipFile runs on platform default installation.
2017-08-09 11:32:04,235  WARN [Worker-15] - ScalaProject - Project FirstProject has platform default sourceLevel.
2017-08-09 11:32:04,235  WARN [Worker-15] - ScalaProject - Project FirstProject runs on platform default installation.
2017-08-09 11:35:38,450  WARN [Worker-14] - ScalaProject - Project UnzipFile has platform default sourceLevel.
2017-08-09 11:35:38,450  WARN [Worker-14] - ScalaProject - Project UnzipFile runs on platform default installation.
2017-08-09 11:36:01,394  WARN [Worker-12] - ScalaProject - Project UnzipFile has platform default sourceLevel.
2017-08-09 11:36:01,394  WARN [Worker-12] - ScalaProject - Project UnzipFile runs on platform default installation.
2017-08-09 11:36:19,255  WARN [Worker-16] - ScalaProject - Project UnzipFile has platform default sourceLevel.
2017-08-09 11:36:19,255  WARN [Worker-16] - ScalaProject - Project UnzipFile runs on platform default installation.
2017-08-09 11:37:29,690  WARN [Worker-16] - ScalaProject - Project UnzipFile has platform default sourceLevel.
2017-08-09 11:37:29,690  WARN [Worker-16] - ScalaProject - Project UnzipFile runs on platform default installation.
2017-08-09 11:37:41,464  WARN [Worker-14] - ScalaProject - Project UnzipFile has platform default sourceLevel.
2017-08-09 11:37:41,464  WARN [Worker-14] - ScalaProject - Project UnzipFile runs on platform default installation.
2017-08-09 11:39:51,344  WARN [Worker-17] - ScalaProject - Project UnzipFile has platform default sourceLevel.
2017-08-09 11:39:51,344  WARN [Worker-17] - ScalaProject - Project UnzipFile runs on platform default installation.
2017-08-09 11:39:59,382  WARN [Worker-14] - ScalaProject - Project UnzipFile has platform default sourceLevel.
2017-08-09 11:39:59,382  WARN [Worker-14] - ScalaProject - Project UnzipFile runs on platform default installation.
2017-08-09 11:41:39,992  WARN [Worker-17] - ScalaProject - Project UnzipFile has platform default sourceLevel.
2017-08-09 11:41:39,992  WARN [Worker-17] - ScalaProject - Project UnzipFile runs on platform default installation.
2017-08-09 11:44:59,079  WARN [Worker-17] - ScalaProject - Project FirstProject has platform default sourceLevel.
2017-08-09 11:44:59,079  WARN [Worker-17] - ScalaProject - Project FirstProject runs on platform default installation.
2017-08-09 11:51:11,959  WARN [main] - ScalaProject - Project UnzipFile has platform default sourceLevel.
2017-08-09 11:51:11,960  WARN [main] - ScalaProject - Project UnzipFile runs on platform default installation.
2017-08-09 11:51:11,964  WARN [main] - ScalaProject - Project UnzipFile has platform default sourceLevel.
2017-08-09 11:51:11,964  WARN [main] - ScalaProject - Project UnzipFile runs on platform default installation.
2017-08-09 11:51:14,401  WARN [main] - ScalaProject - Project FirstProject has platform default sourceLevel.
2017-08-09 11:51:14,402  WARN [main] - ScalaProject - Project FirstProject runs on platform default installation.
2017-08-09 11:51:16,333 ERROR [Worker-4] - System.err - log4j:WARN No appenders could be found for logger (org.eclipse.jgit.util.FS).
2017-08-09 11:51:16,335 ERROR [Worker-4] - System.err - log4j:WARN Please initialize the log4j system properly.
2017-08-09 11:51:19,595  WARN [Java indexing] - ScalaProject - Project FirstProject has platform default sourceLevel.
2017-08-09 11:51:19,596  WARN [Java indexing] - ScalaProject - Project FirstProject runs on platform default installation.
2017-08-09 11:54:51,280  WARN [main] - ScalaProject - Project UnzipFile has platform default sourceLevel.
2017-08-09 11:54:51,281  WARN [main] - ScalaProject - Project UnzipFile runs on platform default installation.
2017-08-09 11:54:51,563  WARN [Worker-0] - ScalaProject - Project UnzipFile has platform default sourceLevel.
2017-08-09 11:54:51,563  WARN [Worker-0] - ScalaProject - Project UnzipFile runs on platform default installation.
2017-08-09 11:54:51,603  WARN [Worker-0] - ScalaProject - Project UnzipFile has platform default sourceLevel.
2017-08-09 11:54:51,603  WARN [Worker-0] - ScalaProject - Project UnzipFile runs on platform default installation.
2017-08-09 11:58:34,786  WARN [Worker-0] - ScalaProject - Project UnzipFile has platform default sourceLevel.
2017-08-09 11:58:34,791  WARN [Worker-0] - ScalaProject - Project UnzipFile runs on platform default installation.
2017-08-09 12:00:09,211  WARN [Worker-1] - ScalaProject - Project UnzipFile has platform default sourceLevel.
2017-08-09 12:00:09,212  WARN [Worker-1] - ScalaProject - Project UnzipFile runs on platform default installation.
2017-08-09 12:02:18,358  WARN [Worker-2] - ScalaProject - Project UnzipFile has platform default sourceLevel.
2017-08-09 12:02:18,358  WARN [Worker-2] - ScalaProject - Project UnzipFile runs on platform default installation.
2017-08-09 12:02:19,087  WARN [org.scalaide.ui.internal.reconciliation.ScalaReconciler] - ScalaProject - Project UnzipFile has platform default sourceLevel.
2017-08-09 12:02:19,087  WARN [org.scalaide.ui.internal.reconciliation.ScalaReconciler] - ScalaProject - Project UnzipFile runs on platform default installation.
2017-08-09 12:02:43,389  WARN [Worker-7] - ScalaProject - Project UnzipFile has platform default sourceLevel.
2017-08-09 12:02:43,389  WARN [Worker-7] - ScalaProject - Project UnzipFile runs on platform default installation.
2017-08-09 12:02:59,784  WARN [Worker-4] - ScalaProject - Project UnzipFile has platform default sourceLevel.
2017-08-09 12:02:59,784  WARN [Worker-4] - ScalaProject - Project UnzipFile runs on platform default installation.
2017-08-09 12:03:13,847  WARN [Worker-5] - ScalaProject - Project UnzipFile has platform default sourceLevel.
2017-08-09 12:03:13,847  WARN [Worker-5] - ScalaProject - Project UnzipFile runs on platform default installation.
2017-08-09 12:03:45,324  WARN [Worker-0] - ScalaProject - Project UnzipFile has platform default sourceLevel.
2017-08-09 12:03:45,324  WARN [Worker-0] - ScalaProject - Project UnzipFile runs on platform default installation.
2017-08-09 12:04:17,446  WARN [Worker-8] - ScalaProject - Project UnzipFile has platform default sourceLevel.
2017-08-09 12:04:17,446  WARN [Worker-8] - ScalaProject - Project UnzipFile runs on platform default installation.
2017-08-09 12:04:28,616  WARN [ModalContext] - ScalaProject - Project UnzipFile has platform default sourceLevel.
2017-08-09 12:04:28,616  WARN [ModalContext] - ScalaProject - Project UnzipFile runs on platform default installation.
2017-08-09 12:04:28,792  WARN [Worker-0] - ScalaProject - Project UnzipFile has platform default sourceLevel.
2017-08-09 12:04:28,792  WARN [Worker-0] - ScalaProject - Project UnzipFile runs on platform default installation.
2017-08-09 12:04:29,725  WARN [org.scalaide.ui.internal.reconciliation.ScalaReconciler] - ScalaProject - Project UnzipFile has platform default sourceLevel.
2017-08-09 12:04:29,725  WARN [org.scalaide.ui.internal.reconciliation.ScalaReconciler] - ScalaProject - Project UnzipFile runs on platform default installation.
2017-08-09 12:05:16,826  WARN [Worker-5] - ScalaProject - Project UnzipFile has platform default sourceLevel.
2017-08-09 12:05:16,826  WARN [Worker-5] - ScalaProject - Project UnzipFile runs on platform default installation.
2017-08-09 12:08:00,846  WARN [Worker-7] - ScalaProject - Project UnzipFile has platform default sourceLevel.
2017-08-09 12:08:00,846  WARN [Worker-7] - ScalaProject - Project UnzipFile runs on platform default installation.
2017-08-09 12:08:54,878  WARN [Worker-6] - ScalaProject - Project UnzipFile has platform default sourceLevel.
2017-08-09 12:08:54,878  WARN [Worker-6] - ScalaProject - Project UnzipFile runs on platform default installation.
